easeui/build/outputs/logs/manifest-merger-debug-report.txt
-- Merging decision tree log ---
manifest
ADDED from EducationERP\easeui\AndroidManifest.xml:2:1-7:12
INJECTED from EducationERP\easeui\AndroidManifest.xml:2:1-7:12
INJECTED from EducationERP\easeui\AndroidManifest.xml:2:1-7:12
	package
		ADDED from EducationERP\easeui\AndroidManifest.xml:3:5-35
		INJECTED from EducationERP\easeui\AndroidManifest.xml
		INJECTED from EducationERP\easeui\AndroidManifest.xml
	xmlns:android
		ADDED from EducationERP\easeui\AndroidManifest.xml:2:11-69
uses-sdk
INJECTED from EducationERP\easeui\AndroidManifest.xml reason: use-sdk injection requested
INJECTED from EducationERP\easeui\AndroidManifest.xml
INJECTED from EducationERP\easeui\AndroidManifest.xml
INJECTED from EducationERP\easeui\AndroidManifest.xml
INJECTED from EducationERP\easeui\AndroidManifest.xml
	android:targetSdkVersion
		INJECTED from EducationERP\easeui\AndroidManifest.xml
		ADDED from EducationERP\easeui\AndroidManifest.xml
		INJECTED from EducationERP\easeui\AndroidManifest.xml
	android:minSdkVersion
		INJECTED from EducationERP\easeui\AndroidManifest.xml
		ADDED from EducationERP\easeui\AndroidManifest.xml
		INJECTED from EducationERP\easeui\AndroidManifest.xml